<?xml version="1.0" encoding="UTF-8"?>
<!-- Generated by org.testng.reporters.JUnitReportReporter -->
<testsuite hostname="LAPTOP-5KJQT6PQ" failures="0" tests="1" name="TestCases.InsuranceListTest" time="75.624" errors="0" timestamp="2020-10-20T12:32:36 IST" skipped="0">
  <testcase classname="TestCases.InsuranceListTest" name="displayTravelInsurance" time="75.624"/>
  <system-out/>
</testsuite> <!-- TestCases.InsuranceListTest -->
