<?xml version="1.0" encoding="UTF-8"?>
<!-- Generated by org.testng.reporters.JUnitReportReporter -->
<testsuite hostname="LAPTOP-5KJQT6PQ" failures="0" tests="2" name="TestCases.HealthInsuranceMenuTest" time="66.883" errors="0" timestamp="2020-10-24T22:55:51 IST" skipped="0">
  <testcase classname="TestCases.HealthInsuranceMenuTest" name="getItemsUnderHealthInsurance" time="34.647"/>
  <system-out/>
  <testcase classname="TestCases.HealthInsuranceMenuTest" name="isHealthInsuranceClickable" time="32.236"/>
  <system-out/>
</testsuite> <!-- TestCases.HealthInsuranceMenuTest -->
