<?xml version="1.0" encoding="UTF-8"?>
<!-- Generated by org.testng.reporters.JUnitReportReporter -->
<testsuite hostname="LAPTOP-5KJQT6PQ" failures="0" tests="1" name="TrialPolicy" time="61.587" errors="0" timestamp="2020-10-19T15:15:07 IST" skipped="0">
  <testcase classname="TrialPolicy" name="policy" time="61.587"/>
  <system-out/>
</testsuite> <!-- TrialPolicy -->
