<?xml version="1.0" encoding="UTF-8"?>
<!-- Generated by org.testng.reporters.JUnitReportReporter -->
<testsuite hostname="LAPTOP-5KJQT6PQ" failures="0" tests="1" name="Trial" time="18.858" errors="0" timestamp="2020-10-21T16:18:40 IST" skipped="0">
  <testcase classname="Trial" name="trialMethod" time="18.858"/>
  <system-out/>
</testsuite> <!-- Trial -->
