<?xml version="1.0" encoding="UTF-8"?>
<!-- Generated by org.testng.reporters.JUnitReportReporter -->
<testsuite hostname="LAPTOP-5KJQT6PQ" failures="0" tests="1" name="Arundathi" time="73.033" errors="0" timestamp="2020-10-20T12:46:32 IST" skipped="0">
  <testcase classname="Arundathi" name="trialMethod" time="73.033"/>
  <system-out/>
</testsuite> <!-- Arundathi -->
