<?xml version="1.0" encoding="UTF-8"?>
<!-- Generated by org.testng.reporters.JUnitReportReporter -->
<testsuite hostname="LAPTOP-5KJQT6PQ" failures="0" tests="4" name="TestCases.PolicyBazaarTest" time="178.621" errors="0" timestamp="2020-11-06T10:26:40 IST" skipped="0">
  <testcase classname="TestCases.PolicyBazaarTest" name="getItemsUnderHealthInsurance" time="24.064"/>
  <system-out/>
  <testcase classname="TestCases.PolicyBazaarTest" name="displayTravelInsurance" time="87.905"/>
  <system-out/>
  <testcase classname="TestCases.PolicyBazaarTest" name="getCarInsuranceDetails" time="41.541"/>
  <system-out/>
  <testcase classname="TestCases.PolicyBazaarTest" name="isHealthInsuranceClickable" time="25.111"/>
  <system-out/>
</testsuite> <!-- TestCases.PolicyBazaarTest -->
