<?xml version="1.0" encoding="UTF-8"?>
<!-- Generated by org.testng.reporters.JUnitReportReporter -->
<testsuite hostname="LAPTOP-5KJQT6PQ" failures="0" tests="1" name="TestCases.TravelInsuranceTest" time="59.019" errors="0" timestamp="2020-10-24T22:08:02 IST" skipped="0">
  <testcase classname="TestCases.TravelInsuranceTest" name="displayTravelInsurance" time="59.019"/>
  <system-out/>
</testsuite> <!-- TestCases.TravelInsuranceTest -->
